  test.c
E:\MVS的码\C\sizeof练习2\test.c(45,9): warning C4477: “printf”: 格式字符串“%d”需要类型“int”的参数，但可变参数 1 拥有了类型“int *”
E:\MVS的码\C\sizeof练习2\test.c(45,9): warning C4313: "printf": 格式字符串中的 "%d" 与类型为 "int *" 的参数 1 冲突
E:\MVS的码\C\sizeof练习2\test.c(46,9): warning C4477: “printf”: 格式字符串“%d”需要类型“int”的参数，但可变参数 1 拥有了类型“int *”
E:\MVS的码\C\sizeof练习2\test.c(46,9): warning C4313: "printf": 格式字符串中的 "%d" 与类型为 "int *" 的参数 1 冲突
E:\MVS的码\C\sizeof练习2\test.c(47,9): warning C4477: “printf”: 格式字符串“%d”需要类型“int”的参数，但可变参数 1 拥有了类型“int (*)[4]”
E:\MVS的码\C\sizeof练习2\test.c(47,9): warning C4313: "printf": 格式字符串中的 "%d" 与类型为 "int (*)[4]" 的参数 1 冲突
E:\MVS的码\C\sizeof练习2\test.c(48,9): warning C4477: “printf”: 格式字符串“%d”需要类型“int”的参数，但可变参数 1 拥有了类型“int (*)[4]”
E:\MVS的码\C\sizeof练习2\test.c(48,9): warning C4313: "printf": 格式字符串中的 "%d" 与类型为 "int (*)[4]" 的参数 1 冲突
E:\MVS的码\C\sizeof练习2\test.c(50,9): warning C4477: “printf”: 格式字符串“%d”需要类型“int”的参数，但可变参数 1 拥有了类型“size_t”
E:\MVS的码\C\sizeof练习2\test.c(50,9): message : 请考虑在格式字符串中使用“%zd”
E:\MVS的码\C\sizeof练习2\test.c(51,9): warning C4477: “printf”: 格式字符串“%d”需要类型“int”的参数，但可变参数 1 拥有了类型“size_t”
E:\MVS的码\C\sizeof练习2\test.c(51,9): message : 请考虑在格式字符串中使用“%zd”
E:\MVS的码\C\sizeof练习2\test.c(52,9): warning C4477: “printf”: 格式字符串“%d”需要类型“int”的参数，但可变参数 1 拥有了类型“size_t”
E:\MVS的码\C\sizeof练习2\test.c(52,9): message : 请考虑在格式字符串中使用“%zd”
E:\MVS的码\C\sizeof练习2\test.c(53,9): warning C4477: “printf”: 格式字符串“%d”需要类型“int”的参数，但可变参数 1 拥有了类型“size_t”
E:\MVS的码\C\sizeof练习2\test.c(53,9): message : 请考虑在格式字符串中使用“%zd”
E:\MVS的码\C\sizeof练习2\test.c(55,9): warning C4477: “printf”: 格式字符串“%d”需要类型“int”的参数，但可变参数 1 拥有了类型“size_t”
E:\MVS的码\C\sizeof练习2\test.c(55,9): message : 请考虑在格式字符串中使用“%zd”
E:\MVS的码\C\sizeof练习2\test.c(56,9): warning C4477: “printf”: 格式字符串“%d”需要类型“int”的参数，但可变参数 1 拥有了类型“size_t”
E:\MVS的码\C\sizeof练习2\test.c(56,9): message : 请考虑在格式字符串中使用“%zd”
E:\MVS的码\C\sizeof练习2\test.c(58,9): warning C4477: “printf”: 格式字符串“%d”需要类型“int”的参数，但可变参数 1 拥有了类型“size_t”
E:\MVS的码\C\sizeof练习2\test.c(58,9): message : 请考虑在格式字符串中使用“%zd”
E:\MVS的码\C\sizeof练习2\test.c(59,9): warning C4477: “printf”: 格式字符串“%d”需要类型“int”的参数，但可变参数 1 拥有了类型“size_t”
E:\MVS的码\C\sizeof练习2\test.c(59,9): message : 请考虑在格式字符串中使用“%zd”
E:\MVS的码\C\sizeof练习2\test.c(60,9): warning C4477: “printf”: 格式字符串“%d”需要类型“int”的参数，但可变参数 1 拥有了类型“size_t”
E:\MVS的码\C\sizeof练习2\test.c(60,9): message : 请考虑在格式字符串中使用“%zd”
E:\MVS的码\C\sizeof练习2\test.c(61,9): warning C4477: “printf”: 格式字符串“%d”需要类型“int”的参数，但可变参数 1 拥有了类型“size_t”
E:\MVS的码\C\sizeof练习2\test.c(61,9): message : 请考虑在格式字符串中使用“%zd”
E:\MVS的码\C\sizeof练习2\test.c(62,9): warning C4477: “printf”: 格式字符串“%d”需要类型“int”的参数，但可变参数 1 拥有了类型“size_t”
E:\MVS的码\C\sizeof练习2\test.c(62,9): message : 请考虑在格式字符串中使用“%zd”
  sizeof练习2.vcxproj -> E:\MVS的码\C\sizeof练习2\x64\Debug\sizeof练习2.exe
